# JRE version: OpenJDK Runtime Environment Temurin-17.0.9+9 (17.0.9+9) (build 17.0.9+9)
# Java VM: OpenJDK 64-Bit Server VM Temurin-17.0.9+9 (17.0.9+9, mixed mode, emulated-client, tiered, compressed oops, compressed class ptrs, g1 gc, windows-amd64)
GC Precious Log:
 CPUs: 8 total, 8 available
 Memory: 16072M
 Large Page Support: Disabled
 NUMA Support: Disabled
 Compressed Oops: Enabled (32-bit)
 Heap Region Size: 1M
 Heap Min Capacity: 8M
 Heap Initial Capacity: 252M
 Heap Max Capacity: 1G
 Pre-touch: Disabled
 Parallel Workers: 8
 Concurrent Workers: 2
 Concurrent Refinement Workers: 8
 Periodic GC: Disabled
Heap:
 garbage-first heap   total 116736K, used 36635K [0x00000000c0000000, 0x0000000100000000)
  region size 1024K, 1 young (1024K), 0 survivors (0K)
 Metaspace       used 61094K, committed 61760K, reserved 1114112K
  class space    used 7660K, committed 7936K, reserved 1048576K
GC Heap History (20 events):
Event: 18242.036 GC heap before
{Heap before GC invocations=1675 (full 1655):
 garbage-first heap   total 116736K, used 36580K [0x00000000c0000000, 0x0000000100000000)
  region size 1024K, 1 young (1024K), 0 survivors (0K)
 Metaspace       used 61104K, committed 61760K, reserved 1114112K
  class space    used 7662K, committed 7936K, reserved 1048576K
}
Event: 18242.082 GC heap after
{Heap after GC invocations=1676 (full 1656):
 garbage-first heap   total 116736K, used 36580K [0x00000000c0000000, 0x0000000100000000)
  region size 1024K, 0 young (0K), 0 survivors (0K)
 Metaspace       used 61104K, committed 61760K, reserved 1114112K
  class space    used 7662K, committed 7936K, reserved 1048576K
}
Event: 18252.409 GC heap before
{Heap before GC invocations=1676 (full 1656):
 garbage-first heap   total 116736K, used 36580K [0x00000000c0000000, 0x0000000100000000)
  region size 1024K, 1 young (1024K), 0 survivors (0K)
 Metaspace       used 61104K, committed 61760K, reserved 1114112K
  class space    used 7662K, committed 7936K, reserved 1048576K
}
Event: 18252.449 GC heap after
{Heap after GC invocations=1677 (full 1657):
 garbage-first heap   total 116736K, used 36580K [0x00000000c0000000, 0x0000000100000000)
  region size 1024K, 0 young (0K), 0 survivors (0K)
 Metaspace       used 61104K, committed 61760K, reserved 1114112K
  class space    used 7662K, committed 7936K, reserved 1048576K
}
Event: 18262.770 GC heap before
{Heap before GC invocations=1677 (full 1657):
 garbage-first heap   total 116736K, used 36580K [0x00000000c0000000, 0x0000000100000000)
  region size 1024K, 1 young (1024K), 0 survivors (0K)
 Metaspace       used 61104K, committed 61760K, reserved 1114112K
  class space    used 7662K, committed 7936K, reserved 1048576K
}
Event: 18262.806 GC heap after
{Heap after GC invocations=1678 (full 1658):
 garbage-first heap   total 116736K, used 36580K [0x00000000c0000000, 0x0000000100000000)
  region size 1024K, 0 young (0K), 0 survivors (0K)
 Metaspace       used 61104K, committed 61760K, reserved 1114112K
  class space    used 7662K, committed 7936K, reserved 1048576K
}
Event: 18273.128 GC heap before
{Heap before GC invocations=1678 (full 1658):
 garbage-first heap   total 116736K, used 36580K [0x00000000c0000000, 0x0000000100000000)
  region size 1024K, 1 young (1024K), 0 survivors (0K)
 Metaspace       used 61104K, committed 61760K, reserved 1114112K
  class space    used 7662K, committed 7936K, reserved 1048576K
}
Event: 18273.160 GC heap after
{Heap after GC invocations=1679 (full 1659):
 garbage-first heap   total 116736K, used 36580K [0x00000000c0000000, 0x0000000100000000)
  region size 1024K, 0 young (0K), 0 survivors (0K)
 Metaspace       used 61104K, committed 61760K, reserved 1114112K
  class space    used 7662K, committed 7936K, reserved 1048576K
}
Event: 18283.446 GC heap before
{Heap before GC invocations=1679 (full 1659):
 garbage-first heap   total 116736K, used 36580K [0x00000000c0000000, 0x0000000100000000)
  region size 1024K, 1 young (1024K), 0 survivors (0K)
 Metaspace       used 61104K, committed 61760K, reserved 1114112K
  class space    used 7662K, committed 7936K, reserved 1048576K
}
Event: 18283.477 GC heap after
{Heap after GC invocations=1680 (full 1660):
 garbage-first heap   total 116736K, used 36580K [0x00000000c0000000, 0x0000000100000000)
  region size 1024K, 0 young (0K), 0 survivors (0K)
 Metaspace       used 61104K, committed 61760K, reserved 1114112K
  class space    used 7662K, committed 7936K, reserved 1048576K
}
Event: 18293.894 GC heap before
{Heap before GC invocations=1680 (full 1660):
 garbage-first heap   total 116736K, used 36580K [0x00000000c0000000, 0x0000000100000000)
  region size 1024K, 1 young (1024K), 0 survivors (0K)
 Metaspace       used 61104K, committed 61760K, reserved 1114112K
  class space    used 7662K, committed 7936K, reserved 1048576K
}
Event: 18293.941 GC heap after
{Heap after GC invocations=1681 (full 1661):
 garbage-first heap   total 116736K, used 36580K [0x00000000c0000000, 0x0000000100000000)
  region size 1024K, 0 young (0K), 0 survivors (0K)
 Metaspace       used 61104K, committed 61760K, reserved 1114112K
  class space    used 7662K, committed 7936K, reserved 1048576K
}
Event: 18304.228 GC heap before
{Heap before GC invocations=1681 (full 1661):
 garbage-first heap   total 116736K, used 36580K [0x00000000c0000000, 0x0000000100000000)
  region size 1024K, 1 young (1024K), 0 survivors (0K)
 Metaspace       used 61104K, committed 61760K, reserved 1114112K
  class space    used 7662K, committed 7936K, reserved 1048576K
}
Event: 18304.259 GC heap after
{Heap after GC invocations=1682 (full 1662):
 garbage-first heap   total 116736K, used 36580K [0x00000000c0000000, 0x0000000100000000)
  region size 1024K, 0 young (0K), 0 survivors (0K)
 Metaspace       used 61104K, committed 61760K, reserved 1114112K
  class space    used 7662K, committed 7936K, reserved 1048576K
}
Event: 18314.570 GC heap before
{Heap before GC invocations=1682 (full 1662):
 garbage-first heap   total 116736K, used 36580K [0x00000000c0000000, 0x0000000100000000)
  region size 1024K, 1 young (1024K), 0 survivors (0K)
 Metaspace       used 61104K, committed 61760K, reserved 1114112K
  class space    used 7662K, committed 7936K, reserved 1048576K
}
Event: 18314.610 GC heap after
{Heap after GC invocations=1683 (full 1663):
 garbage-first heap   total 116736K, used 36568K [0x00000000c0000000, 0x0000000100000000)
  region size 1024K, 0 young (0K), 0 survivors (0K)
 Metaspace       used 61094K, committed 61760K, reserved 1114112K
  class space    used 7660K, committed 7936K, reserved 1048576K
}
Event: 18324.907 GC heap before
{Heap before GC invocations=1683 (full 1663):
 garbage-first heap   total 116736K, used 36568K [0x00000000c0000000, 0x0000000100000000)
  region size 1024K, 1 young (1024K), 0 survivors (0K)
 Metaspace       used 61094K, committed 61760K, reserved 1114112K
  class space    used 7660K, committed 7936K, reserved 1048576K
}
Event: 18324.947 GC heap after
{Heap after GC invocations=1684 (full 1664):
 garbage-first heap   total 116736K, used 36635K [0x00000000c0000000, 0x0000000100000000)
  region size 1024K, 0 young (0K), 0 survivors (0K)
 Metaspace       used 61094K, committed 61760K, reserved 1114112K
  class space    used 7660K, committed 7936K, reserved 1048576K
}
Event: 18335.213 GC heap before
{Heap before GC invocations=1684 (full 1664):
 garbage-first heap   total 116736K, used 36635K [0x00000000c0000000, 0x0000000100000000)
  region size 1024K, 1 young (1024K), 0 survivors (0K)
 Metaspace       used 61094K, committed 61760K, reserved 1114112K
  class space    used 7660K, committed 7936K, reserved 1048576K
}
Event: 18335.252 GC heap after
{Heap after GC invocations=1685 (full 1665):
 garbage-first heap   total 116736K, used 36635K [0x00000000c0000000, 0x0000000100000000)
  region size 1024K, 0 young (0K), 0 survivors (0K)
 Metaspace       used 61094K, committed 61760K, reserved 1114112K
  class space    used 7660K, committed 7936K, reserved 1048576K
}

